2025-02-21T00:00:06.632-05:00  INFO 16036 --- [university] [restartedMain] c.j.university.UniversityApplication     : Starting UniversityApplication using Java 21.0.5 with PID 16036 (C:\Users\Asus\Desktop\spring-2024\university\target\classes started by Asus in C:\Users\Asus\Desktop\spring-2024\university)
2025-02-21T00:00:06.639-05:00  INFO 16036 --- [university] [restartedMain] c.j.university.UniversityApplication     : No active profile set, falling back to 1 default profile: "default"
2025-02-21T00:00:06.738-05:00  INFO 16036 --- [university] [restartedMain] .e.DevToolsPropertyDefaultsPostProcessor : Devtools property defaults active! Set 'spring.devtools.add-properties' to 'false' to disable
2025-02-21T00:00:06.741-05:00  INFO 16036 --- [university] [restartedMain] .e.DevToolsPropertyDefaultsPostProcessor : For additional web related logging consider setting the 'logging.level.web' property to 'DEBUG'
2025-02-21T00:00:08.131-05:00  INFO 16036 --- [university] [restartedMain] .s.d.r.c.RepositoryConfigurationDelegate : Bootstrapping Spring Data JPA repositories in DEFAULT mode.
2025-02-21T00:00:08.320-05:00  INFO 16036 --- [university] [restartedMain] .s.d.r.c.RepositoryConfigurationDelegate : Finished Spring Data repository scanning in 171 ms. Found 6 JPA repository interfaces.
2025-02-21T00:00:09.189-05:00  INFO 16036 --- [university] [restartedMain] o.s.b.w.embedded.tomcat.TomcatWebServer  : Tomcat initialized with port 8080 (http)
2025-02-21T00:00:09.206-05:00  INFO 16036 --- [university] [restartedMain] o.apache.catalina.core.StandardService   : Starting service [Tomcat]
2025-02-21T00:00:09.207-05:00  INFO 16036 --- [university] [restartedMain] o.apache.catalina.core.StandardEngine    : Starting Servlet engine: [Apache Tomcat/10.1.34]
2025-02-21T00:00:09.264-05:00  INFO 16036 --- [university] [restartedMain] o.a.c.c.C.[Tomcat].[localhost].[/]       : Initializing Spring embedded WebApplicationContext
2025-02-21T00:00:09.264-05:00  INFO 16036 --- [university] [restartedMain] w.s.c.ServletWebServerApplicationContext : Root WebApplicationContext: initialization completed in 2518 ms
2025-02-21T00:00:09.460-05:00 DEBUG 16036 --- [university] [restartedMain] j.LocalContainerEntityManagerFactoryBean : Building JPA container EntityManagerFactory for persistence unit 'default'
2025-02-21T00:00:09.511-05:00  INFO 16036 --- [university] [restartedMain] o.hibernate.jpa.internal.util.LogHelper  : HHH000204: Processing PersistenceUnitInfo [name: default]
2025-02-21T00:00:09.603-05:00  INFO 16036 --- [university] [restartedMain] org.hibernate.Version                    : HHH000412: Hibernate ORM core version 6.6.5.Final
2025-02-21T00:00:09.663-05:00  INFO 16036 --- [university] [restartedMain] o.h.c.internal.RegionFactoryInitiator    : HHH000026: Second-level cache disabled
2025-02-21T00:00:10.076-05:00  INFO 16036 --- [university] [restartedMain] o.s.o.j.p.SpringPersistenceUnitInfo      : No LoadTimeWeaver setup: ignoring JPA class transformer
2025-02-21T00:00:10.145-05:00  INFO 16036 --- [university] [restartedMain] com.zaxxer.hikari.HikariDataSource       : HikariPool-1 - Starting...
2025-02-21T00:00:10.340-05:00  INFO 16036 --- [university] [restartedMain] com.zaxxer.hikari.pool.HikariPool        : HikariPool-1 - Added connection org.postgresql.jdbc.PgConnection@12fa6a2d
2025-02-21T00:00:10.342-05:00  INFO 16036 --- [university] [restartedMain] com.zaxxer.hikari.HikariDataSource       : HikariPool-1 - Start completed.
2025-02-21T00:00:10.407-05:00  INFO 16036 --- [university] [restartedMain] org.hibernate.orm.connections.pooling    : HHH10001005: Database info:
	Database JDBC URL [Connecting through datasource 'HikariDataSource (HikariPool-1)']
	Database driver: undefined/unknown
	Database version: 17.2
	Autocommit mode: undefined/unknown
	Isolation level: undefined/unknown
	Minimum pool size: undefined/unknown
	Maximum pool size: undefined/unknown
2025-02-21T00:00:11.822-05:00  INFO 16036 --- [university] [restartedMain] o.h.e.t.j.p.i.JtaPlatformInitiator       : HHH000489: No JTA platform available (set 'hibernate.transaction.jta.platform' to enable JTA platform integration)
2025-02-21T00:00:12.324-05:00  INFO 16036 --- [university] [restartedMain] j.LocalContainerEntityManagerFactoryBean : Initialized JPA EntityManagerFactory for persistence unit 'default'
2025-02-21T00:00:12.413-05:00 DEBUG 16036 --- [university] [restartedMain] .c.JpaMetamodelMappingContextFactoryBean : Initializing JpaMetamodelMappingContext…
2025-02-21T00:00:12.430-05:00 DEBUG 16036 --- [university] [restartedMain] .c.JpaMetamodelMappingContextFactoryBean : Finished initializing JpaMetamodelMappingContext
2025-02-21T00:00:12.463-05:00 DEBUG 16036 --- [university] [restartedMain] tor$SharedEntityManagerInvocationHandler : Creating new EntityManager for shared EntityManager invocation
2025-02-21T00:00:12.522-05:00 DEBUG 16036 --- [university] [restartedMain] tor$SharedEntityManagerInvocationHandler : Creating new EntityManager for shared EntityManager invocation
2025-02-21T00:00:12.657-05:00 DEBUG 16036 --- [university] [restartedMain] tor$SharedEntityManagerInvocationHandler : Creating new EntityManager for shared EntityManager invocation
2025-02-21T00:00:12.710-05:00 DEBUG 16036 --- [university] [restartedMain] o.s.d.jpa.repository.query.NamedQuery    : Looking up named query 'ClassroomEntity.existsByRoom'
2025-02-21T00:00:12.714-05:00 DEBUG 16036 --- [university] [restartedMain] o.s.d.jpa.repository.query.NamedQuery    : Did not find named query ClassroomEntity.existsByRoom
2025-02-21T00:00:12.716-05:00 DEBUG 16036 --- [university] [restartedMain] tor$SharedEntityManagerInvocationHandler : Creating new EntityManager for shared EntityManager invocation
2025-02-21T00:00:12.858-05:00 DEBUG 16036 --- [university] [restartedMain] tor$SharedEntityManagerInvocationHandler : Creating new EntityManager for shared EntityManager invocation
2025-02-21T00:00:12.860-05:00 DEBUG 16036 --- [university] [restartedMain] tor$SharedEntityManagerInvocationHandler : Creating new EntityManager for shared EntityManager invocation
2025-02-21T00:00:12.863-05:00 DEBUG 16036 --- [university] [restartedMain] o.s.d.jpa.repository.query.NamedQuery    : Looking up named query 'CourseEntity.findByName'
2025-02-21T00:00:12.864-05:00 DEBUG 16036 --- [university] [restartedMain] o.s.d.jpa.repository.query.NamedQuery    : Did not find named query CourseEntity.findByName
2025-02-21T00:00:12.864-05:00 DEBUG 16036 --- [university] [restartedMain] tor$SharedEntityManagerInvocationHandler : Creating new EntityManager for shared EntityManager invocation
2025-02-21T00:00:12.867-05:00 DEBUG 16036 --- [university] [restartedMain] o.s.d.jpa.repository.query.NamedQuery    : Looking up named query 'CourseEntity.existsByTimeAndName'
2025-02-21T00:00:12.869-05:00 DEBUG 16036 --- [university] [restartedMain] o.s.d.jpa.repository.query.NamedQuery    : Did not find named query CourseEntity.existsByTimeAndName
2025-02-21T00:00:12.870-05:00 DEBUG 16036 --- [university] [restartedMain] tor$SharedEntityManagerInvocationHandler : Creating new EntityManager for shared EntityManager invocation
2025-02-21T00:00:12.876-05:00 DEBUG 16036 --- [university] [restartedMain] o.s.d.jpa.repository.query.NamedQuery    : Looking up named query 'CourseEntity.existsByTimeAndClassroomId'
2025-02-21T00:00:12.876-05:00 DEBUG 16036 --- [university] [restartedMain] o.s.d.jpa.repository.query.NamedQuery    : Did not find named query CourseEntity.existsByTimeAndClassroomId
2025-02-21T00:00:12.877-05:00 DEBUG 16036 --- [university] [restartedMain] tor$SharedEntityManagerInvocationHandler : Creating new EntityManager for shared EntityManager invocation
2025-02-21T00:00:12.926-05:00 DEBUG 16036 --- [university] [restartedMain] tor$SharedEntityManagerInvocationHandler : Creating new EntityManager for shared EntityManager invocation
2025-02-21T00:00:12.927-05:00 DEBUG 16036 --- [university] [restartedMain] tor$SharedEntityManagerInvocationHandler : Creating new EntityManager for shared EntityManager invocation
2025-02-21T00:00:12.929-05:00 DEBUG 16036 --- [university] [restartedMain] o.s.d.jpa.repository.query.NamedQuery    : Looking up named query 'DocumentTypeEntity.existsByName'
2025-02-21T00:00:12.929-05:00 DEBUG 16036 --- [university] [restartedMain] o.s.d.jpa.repository.query.NamedQuery    : Did not find named query DocumentTypeEntity.existsByName
2025-02-21T00:00:12.929-05:00 DEBUG 16036 --- [university] [restartedMain] tor$SharedEntityManagerInvocationHandler : Creating new EntityManager for shared EntityManager invocation
2025-02-21T00:00:12.966-05:00 DEBUG 16036 --- [university] [restartedMain] tor$SharedEntityManagerInvocationHandler : Creating new EntityManager for shared EntityManager invocation
2025-02-21T00:00:12.967-05:00 DEBUG 16036 --- [university] [restartedMain] tor$SharedEntityManagerInvocationHandler : Creating new EntityManager for shared EntityManager invocation
2025-02-21T00:00:12.970-05:00 DEBUG 16036 --- [university] [restartedMain] o.s.d.jpa.repository.query.NamedQuery    : Looking up named query 'PersonEntity.existsByDocument'
2025-02-21T00:00:12.971-05:00 DEBUG 16036 --- [university] [restartedMain] o.s.d.jpa.repository.query.NamedQuery    : Did not find named query PersonEntity.existsByDocument
2025-02-21T00:00:12.971-05:00 DEBUG 16036 --- [university] [restartedMain] tor$SharedEntityManagerInvocationHandler : Creating new EntityManager for shared EntityManager invocation
2025-02-21T00:00:12.999-05:00 DEBUG 16036 --- [university] [restartedMain] tor$SharedEntityManagerInvocationHandler : Creating new EntityManager for shared EntityManager invocation
2025-02-21T00:00:13.000-05:00 DEBUG 16036 --- [university] [restartedMain] tor$SharedEntityManagerInvocationHandler : Creating new EntityManager for shared EntityManager invocation
2025-02-21T00:00:13.027-05:00 DEBUG 16036 --- [university] [restartedMain] tor$SharedEntityManagerInvocationHandler : Creating new EntityManager for shared EntityManager invocation
2025-02-21T00:00:13.028-05:00 DEBUG 16036 --- [university] [restartedMain] tor$SharedEntityManagerInvocationHandler : Creating new EntityManager for shared EntityManager invocation
2025-02-21T00:00:13.251-05:00  WARN 16036 --- [university] [restartedMain] JpaBaseConfiguration$JpaWebConfiguration : spring.jpa.open-in-view is enabled by default. Therefore, database queries may be performed during view rendering. Explicitly configure spring.jpa.open-in-view to disable this warning
2025-02-21T00:00:13.746-05:00  INFO 16036 --- [university] [restartedMain] o.s.b.d.a.OptionalLiveReloadServer       : LiveReload server is running on port 35729
2025-02-21T00:00:13.781-05:00  INFO 16036 --- [university] [restartedMain] o.s.b.w.embedded.tomcat.TomcatWebServer  : Tomcat started on port 8080 (http) with context path '/'
2025-02-21T00:00:13.791-05:00  INFO 16036 --- [university] [restartedMain] c.j.university.UniversityApplication     : Started UniversityApplication in 7.935 seconds (process running for 8.714)
2025-02-21T00:00:33.749-05:00  INFO 16036 --- [university] [http-nio-8080-exec-1] o.a.c.c.C.[Tomcat].[localhost].[/]       : Initializing Spring DispatcherServlet 'dispatcherServlet'
2025-02-21T00:00:33.749-05:00  INFO 16036 --- [university] [http-nio-8080-exec-1] o.s.web.servlet.DispatcherServlet        : Initializing Servlet 'dispatcherServlet'
2025-02-21T00:00:33.751-05:00  INFO 16036 --- [university] [http-nio-8080-exec-1] o.s.web.servlet.DispatcherServlet        : Completed initialization in 2 ms
2025-02-21T00:00:33.775-05:00 DEBUG 16036 --- [university] [http-nio-8080-exec-1] o.j.s.OpenEntityManagerInViewInterceptor : Opening JPA EntityManager in OpenEntityManagerInViewInterceptor
2025-02-21T00:00:33.817-05:00 DEBUG 16036 --- [university] [http-nio-8080-exec-1] o.s.orm.jpa.JpaTransactionManager        : Found thread-bound EntityManager [SessionImpl(887785366<open>)] for JPA transaction
2025-02-21T00:00:33.818-05:00 DEBUG 16036 --- [university] [http-nio-8080-exec-1] o.s.orm.jpa.JpaTransactionManager        : Creating new transaction with name [org.springframework.data.jpa.repository.support.SimpleJpaRepository.existsById]: PROPAGATION_REQUIRED,ISOLATION_DEFAULT,readOnly
2025-02-21T00:00:33.825-05:00 DEBUG 16036 --- [university] [http-nio-8080-exec-1] o.s.orm.jpa.JpaTransactionManager        : Exposing JPA transaction as JDBC [org.springframework.orm.jpa.vendor.HibernateJpaDialect$HibernateConnectionHandle@ab3b801]
2025-02-21T00:00:34.270-05:00 DEBUG 16036 --- [university] [http-nio-8080-exec-1] org.hibernate.SQL                        : 
    /* select
        count(*) 
    from
        ClassroomEntity x 
    WHERE
        x.id = :id */ select
            count(*) 
        from
            classroom ce1_0 
        where
            ce1_0.id=?
2025-02-21T00:00:34.289-05:00 DEBUG 16036 --- [university] [http-nio-8080-exec-1] o.s.orm.jpa.JpaTransactionManager        : Initiating transaction commit
2025-02-21T00:00:34.289-05:00 DEBUG 16036 --- [university] [http-nio-8080-exec-1] o.s.orm.jpa.JpaTransactionManager        : Committing JPA transaction on EntityManager [SessionImpl(887785366<open>)]
2025-02-21T00:00:34.292-05:00 DEBUG 16036 --- [university] [http-nio-8080-exec-1] o.s.orm.jpa.JpaTransactionManager        : Not closing pre-bound JPA EntityManager after transaction
2025-02-21T00:00:34.293-05:00 DEBUG 16036 --- [university] [http-nio-8080-exec-1] o.s.orm.jpa.JpaTransactionManager        : Found thread-bound EntityManager [SessionImpl(887785366<open>)] for JPA transaction
2025-02-21T00:00:34.293-05:00 DEBUG 16036 --- [university] [http-nio-8080-exec-1] o.s.orm.jpa.JpaTransactionManager        : Creating new transaction with name [org.springframework.data.jpa.repository.support.SimpleJpaRepository.deleteById]: PROPAGATION_REQUIRED,ISOLATION_DEFAULT
2025-02-21T00:00:34.293-05:00 DEBUG 16036 --- [university] [http-nio-8080-exec-1] o.s.orm.jpa.JpaTransactionManager        : Exposing JPA transaction as JDBC [org.springframework.orm.jpa.vendor.HibernateJpaDialect$HibernateConnectionHandle@43503b47]
2025-02-21T00:00:34.299-05:00 DEBUG 16036 --- [university] [http-nio-8080-exec-1] org.hibernate.SQL                        : 
    select
        ce1_0.id,
        ce1_0.room 
    from
        classroom ce1_0 
    where
        ce1_0.id=?
2025-02-21T00:00:34.332-05:00 DEBUG 16036 --- [university] [http-nio-8080-exec-1] o.s.orm.jpa.JpaTransactionManager        : Initiating transaction commit
2025-02-21T00:00:34.332-05:00 DEBUG 16036 --- [university] [http-nio-8080-exec-1] o.s.orm.jpa.JpaTransactionManager        : Committing JPA transaction on EntityManager [SessionImpl(887785366<open>)]
2025-02-21T00:00:34.353-05:00 DEBUG 16036 --- [university] [http-nio-8080-exec-1] org.hibernate.SQL                        : 
    /* delete for com.juandavyc.university.entities.ClassroomEntity */delete 
    from
        classroom 
    where
        id=?
2025-02-21T00:00:34.364-05:00 DEBUG 16036 --- [university] [http-nio-8080-exec-1] o.s.orm.jpa.JpaTransactionManager        : Not closing pre-bound JPA EntityManager after transaction
2025-02-21T00:00:34.388-05:00 DEBUG 16036 --- [university] [http-nio-8080-exec-1] o.j.s.OpenEntityManagerInViewInterceptor : Closing JPA EntityManager in OpenEntityManagerInViewInterceptor
2025-02-21T00:00:59.030-05:00 DEBUG 16036 --- [university] [http-nio-8080-exec-3] o.j.s.OpenEntityManagerInViewInterceptor : Opening JPA EntityManager in OpenEntityManagerInViewInterceptor
2025-02-21T00:00:59.030-05:00 DEBUG 16036 --- [university] [http-nio-8080-exec-3] o.s.orm.jpa.JpaTransactionManager        : Found thread-bound EntityManager [SessionImpl(1087267366<open>)] for JPA transaction
2025-02-21T00:00:59.030-05:00 DEBUG 16036 --- [university] [http-nio-8080-exec-3] o.s.orm.jpa.JpaTransactionManager        : Creating new transaction with name [org.springframework.data.jpa.repository.support.SimpleJpaRepository.existsById]: PROPAGATION_REQUIRED,ISOLATION_DEFAULT,readOnly
2025-02-21T00:00:59.032-05:00 DEBUG 16036 --- [university] [http-nio-8080-exec-3] o.s.orm.jpa.JpaTransactionManager        : Exposing JPA transaction as JDBC [org.springframework.orm.jpa.vendor.HibernateJpaDialect$HibernateConnectionHandle@44f1fee7]
2025-02-21T00:00:59.034-05:00 DEBUG 16036 --- [university] [http-nio-8080-exec-3] org.hibernate.SQL                        : 
    /* select
        count(*) 
    from
        ClassroomEntity x 
    WHERE
        x.id = :id */ select
            count(*) 
        from
            classroom ce1_0 
        where
            ce1_0.id=?
2025-02-21T00:00:59.036-05:00 DEBUG 16036 --- [university] [http-nio-8080-exec-3] o.s.orm.jpa.JpaTransactionManager        : Initiating transaction commit
2025-02-21T00:00:59.037-05:00 DEBUG 16036 --- [university] [http-nio-8080-exec-3] o.s.orm.jpa.JpaTransactionManager        : Committing JPA transaction on EntityManager [SessionImpl(1087267366<open>)]
2025-02-21T00:00:59.038-05:00 DEBUG 16036 --- [university] [http-nio-8080-exec-3] o.s.orm.jpa.JpaTransactionManager        : Not closing pre-bound JPA EntityManager after transaction
2025-02-21T00:00:59.039-05:00 DEBUG 16036 --- [university] [http-nio-8080-exec-3] o.s.orm.jpa.JpaTransactionManager        : Found thread-bound EntityManager [SessionImpl(1087267366<open>)] for JPA transaction
2025-02-21T00:00:59.039-05:00 DEBUG 16036 --- [university] [http-nio-8080-exec-3] o.s.orm.jpa.JpaTransactionManager        : Creating new transaction with name [org.springframework.data.jpa.repository.support.SimpleJpaRepository.deleteById]: PROPAGATION_REQUIRED,ISOLATION_DEFAULT
2025-02-21T00:00:59.039-05:00 DEBUG 16036 --- [university] [http-nio-8080-exec-3] o.s.orm.jpa.JpaTransactionManager        : Exposing JPA transaction as JDBC [org.springframework.orm.jpa.vendor.HibernateJpaDialect$HibernateConnectionHandle@368f7abf]
2025-02-21T00:00:59.039-05:00 DEBUG 16036 --- [university] [http-nio-8080-exec-3] org.hibernate.SQL                        : 
    select
        ce1_0.id,
        ce1_0.room 
    from
        classroom ce1_0 
    where
        ce1_0.id=?
2025-02-21T00:00:59.042-05:00 DEBUG 16036 --- [university] [http-nio-8080-exec-3] o.s.orm.jpa.JpaTransactionManager        : Initiating transaction commit
2025-02-21T00:00:59.042-05:00 DEBUG 16036 --- [university] [http-nio-8080-exec-3] o.s.orm.jpa.JpaTransactionManager        : Committing JPA transaction on EntityManager [SessionImpl(1087267366<open>)]
2025-02-21T00:00:59.042-05:00 DEBUG 16036 --- [university] [http-nio-8080-exec-3] org.hibernate.SQL                        : 
    /* delete for com.juandavyc.university.entities.ClassroomEntity */delete 
    from
        classroom 
    where
        id=?
2025-02-21T00:00:59.050-05:00 DEBUG 16036 --- [university] [http-nio-8080-exec-3] o.s.orm.jpa.JpaTransactionManager        : Not closing pre-bound JPA EntityManager after transaction
2025-02-21T00:00:59.051-05:00 DEBUG 16036 --- [university] [http-nio-8080-exec-3] o.j.s.OpenEntityManagerInViewInterceptor : Closing JPA EntityManager in OpenEntityManagerInViewInterceptor
2025-02-21T00:01:37.836-05:00  INFO 16036 --- [university] [SpringApplicationShutdownHook] o.s.b.w.e.tomcat.GracefulShutdown        : Commencing graceful shutdown. Waiting for active requests to complete
2025-02-21T00:01:37.842-05:00  INFO 16036 --- [university] [tomcat-shutdown] o.s.b.w.e.tomcat.GracefulShutdown        : Graceful shutdown complete
2025-02-21T00:01:37.845-05:00  INFO 16036 --- [university] [SpringApplicationShutdownHook] j.LocalContainerEntityManagerFactoryBean : Closing JPA EntityManagerFactory for persistence unit 'default'
2025-02-21T00:01:37.849-05:00  INFO 16036 --- [university] [SpringApplicationShutdownHook] com.zaxxer.hikari.HikariDataSource       : HikariPool-1 - Shutdown initiated...
2025-02-21T00:01:37.856-05:00  INFO 16036 --- [university] [SpringApplicationShutdownHook] com.zaxxer.hikari.HikariDataSource       : HikariPool-1 - Shutdown completed.
